2018-11-20 17:31:26,518 - Export - INFO - 开始导出--------------new_export
2018-11-20 17:31:54,052 - Export - INFO - 定位轨迹-->导出轨迹:轨迹导出成功
2018-11-20 17:32:17,469 - Export - INFO - 客户拜访-->导出记录:客户拜访导出成功
2018-11-20 17:32:20,090 - Export - INFO - 客户拜访-->导出照片:客户拜访照片导出成功
2018-11-20 17:32:53,666 - Export - INFO - 客户管理-->导出照片:客户照片导出成功
2018-11-20 17:33:06,343 - Export - INFO - 客户管理-->全部导出:客户导出成功
2018-11-20 17:33:08,792 - Export - INFO - 客户管理-->全部导出:客户联系人导出成功
2018-11-20 17:33:24,336 - Export - INFO - 经销商拜访-->导出记录:经销商拜访导出成功
2018-11-20 17:33:26,777 - Export - INFO - 经销商拜访-->导出照片:经销商拜访照片导出成功
2018-11-20 17:33:57,721 - Export - INFO - 经销商-->导出照片:经销商照片导出成功
2018-11-20 17:34:10,479 - Export - INFO - 经销商-->全部导出:经销商导出成功
2018-11-20 17:34:12,879 - Export - INFO - 经销商-->全部导出:经销商联系人导出成功
2018-11-20 17:34:28,273 - Export - INFO - 拍照上传-->导出数据:拍照上传导出成功
2018-11-20 17:34:30,683 - Export - INFO - 拍照上传-->导出数据统计:拍照上传导出成功
2018-11-20 17:34:33,095 - Export - INFO - 拍照上传-->导出照片:拍照上传照片导出成功
2018-11-20 17:35:03,716 - Export - INFO - 实时库存-->导出数据:实时库存导出导出成功
2018-11-20 17:35:29,270 - Export - INFO - 结束导出--------------new_export
2018-11-20 17:35:29,270 - Export - INFO - 开始导出--------------new_export1
2018-11-20 17:35:40,138 - Export - INFO - 轨迹明细-->导出:轨迹明细导出成功
2018-11-20 17:36:09,369 - Export - INFO - 轨迹汇总-->导出:轨迹汇总导出成功
2018-11-20 17:36:48,724 - Export - INFO - 订单上报-->导出全部:按订单打印导出成功
2018-11-20 17:36:52,256 - Export - INFO - 订单上报-->导出全部:按订单明细导出成功
2018-11-20 17:36:57,797 - Export - INFO - 订单上报-->导出全部:按商品明细导出成功
2018-11-20 17:37:01,273 - Export - INFO - 订单上报-->导出全部:拣货单导出成功
2018-11-20 17:37:04,747 - Export - INFO - 订单上报-->导出全部:订单照片导出成功
2018-11-20 17:37:29,034 - Export - INFO - 终端库存-->导出数据:终端库存导出成功
2018-11-20 17:37:31,437 - Export - INFO - 终端库存-->导出商品明细:终端库存导出成功
2018-11-20 17:37:33,805 - Export - INFO - 终端库存-->导出照片:终端库存照片导出成功
2018-11-20 17:38:14,212 - Export - INFO - 终端销量-->导出数据:终端销量导出成功
2018-11-20 17:38:27,236 - Export - INFO - 终端销量-->导出商品明细:终端销量导出成功
2018-11-20 17:38:31,270 - Export - INFO - 终端销量-->导出照片:终端销量照片导出成功
2018-11-20 17:39:16,216 - Export - INFO - 终端退货-->导出数据:终端退货导出成功
2018-11-20 17:39:29,221 - Export - INFO - 终端退货-->导出商品明细:终端退货导出成功
2018-11-20 17:39:42,183 - Export - INFO - 终端退货-->导出照片:终端退货照片导出成功
2018-11-20 17:40:20,259 - Export - INFO - 终端到货-->导出数据:终端到货导出成功
2018-11-20 17:40:33,202 - Export - INFO - 终端到货-->导出商品明细:终端到货导出成功
2018-11-20 17:40:46,183 - Export - INFO - 终端到货-->导出照片:终端到货照片导出成功
2018-11-20 17:41:31,263 - Export - INFO - 终端临期-->导出数据:终端临期导出成功
2018-11-20 17:41:44,217 - Export - INFO - 终端临期-->导出商品明细:终端临期导出成功
2018-11-20 17:41:57,176 - Export - INFO - 终端临期-->导出照片:终端临期照片导出成功
2018-11-20 17:42:42,260 - Export - INFO - 陈列检查-->导出数据:陈列检查导出成功
2018-11-20 17:42:55,203 - Export - INFO - 陈列检查-->导出照片:陈列检查照片导出成功
2018-11-20 17:43:40,227 - Export - INFO - 竞品上报-->导出数据:竞品上报导出成功
2018-11-20 17:43:53,190 - Export - INFO - 竞品上报-->导出照片:竞品上报照片导出成功
2018-11-20 17:44:38,216 - Export - INFO - 拜访总结-->导出数据:拜访总结导出成功
2018-11-20 17:44:51,228 - Export - INFO - 拜访总结-->导出照片:拜访总结照片导出成功
2018-11-20 17:45:36,202 - Export - INFO - 终端回款-->导出数据:终端回款导出成功
2018-11-20 17:46:21,179 - Export - INFO - 拍照上传-->导出数据:拍照上传导出成功
2018-11-20 17:46:34,242 - Export - INFO - 拍照上传-->导出数据统计:拍照上传导出成功
2018-11-20 17:46:47,217 - Export - INFO - 拍照上传-->导出照片:拍照上传照片导出成功
2018-11-20 17:48:02,299 - Export - INFO - 订单上报-->导出全部:按订单打印导出成功
2018-11-20 17:48:21,184 - Export - INFO - 订单上报-->导出全部:按订单明细导出成功
2018-11-20 17:48:40,185 - Export - INFO - 订单上报-->导出全部:按商品明细导出成功
2018-11-20 17:48:59,234 - Export - INFO - 订单上报-->导出全部:拣货单导出成功
2018-11-20 17:49:18,252 - Export - INFO - 订单上报-->导出全部:订单照片导出成功
2018-11-20 17:50:03,160 - Export - INFO - 终端库存-->导出数据:终端库存导出成功
2018-11-20 17:50:16,206 - Export - INFO - 终端库存-->导出商品明细:终端库存导出成功
2018-11-20 17:50:29,204 - Export - INFO - 终端库存-->导出照片:终端库存照片导出成功
2018-11-20 17:51:14,238 - Export - INFO - 终端销量-->导出数据:终端销量导出成功
2018-11-20 17:51:27,201 - Export - INFO - 终端销量-->导出商品明细:终端销量导出成功
2018-11-20 17:51:30,091 - Export - INFO - 终端销量-->导出照片:终端销量照片导出成功
2018-11-20 17:51:59,353 - Export - INFO - 终端到货-->导出数据:终端到货导出成功
2018-11-20 17:52:01,720 - Export - INFO - 终端到货-->导出商品明细:终端到货导出成功
2018-11-20 17:52:04,054 - Export - INFO - 终端到货-->导出照片:终端到货照片导出成功
2018-11-20 17:52:35,765 - Export - INFO - 终端退货-->导出数据:终端退货导出成功
2018-11-20 17:52:38,083 - Export - INFO - 终端退货-->导出商品明细:终端退货导出成功
2018-11-20 17:52:40,405 - Export - INFO - 终端退货-->导出照片:终端退货照片导出成功
2018-11-20 17:53:09,733 - Export - INFO - 终端临期-->导出数据:终端临期导出成功
2018-11-20 17:53:12,126 - Export - INFO - 终端临期-->导出商品明细:终端临期导出成功
2018-11-20 17:53:14,576 - Export - INFO - 终端临期-->导出照片:终端临期照片导出成功
2018-11-20 17:53:43,728 - Export - INFO - 陈列检查-->导出数据:陈列检查导出成功
2018-11-20 17:53:46,102 - Export - INFO - 陈列检查-->导出照片:陈列检查照片导出成功
2018-11-20 17:54:17,535 - Export - INFO - 竞品上报-->导出数据:竞品上报导出成功
2018-11-20 17:54:19,949 - Export - INFO - 竞品上报-->导出照片:竞品上报照片导出成功
2018-11-20 17:54:49,144 - Export - INFO - 终端回款-->导出数据:终端回款导出成功
2018-11-20 17:55:21,771 - Export - INFO - 请假列表-->导出:请假单导出成功
2018-11-20 17:55:24,163 - Export - INFO - 请假列表-->导出照片:请假照片导出成功
2018-11-20 17:55:53,477 - Export - INFO - 出差列表-->导出:出差单导出成功
2018-11-20 17:55:55,858 - Export - INFO - 出差列表-->导出照片:出差照片导出成功
2018-11-20 17:56:25,283 - Export - INFO - 加班列表-->导出列表:加班导出成功
2018-11-20 17:56:27,753 - Export - INFO - 加班列表-->导出照片:加班照片导出成功
2018-11-20 17:56:57,174 - Export - INFO - 费用申请列表-->导出照片:费用申请照片导出成功
2018-11-20 17:57:14,969 - Export - INFO - 费用申请列表-->全部导出:按申请列表导出成功
2018-11-20 17:57:17,435 - Export - INFO - 费用申请列表-->全部导出:按申请明细导出成功
2018-11-20 17:57:30,961 - Export - INFO - 费用报销列表-->导出照片:费用报销照片导出成功
2018-11-20 17:57:53,688 - Export - INFO - 费用报销列表-->全部导出:按报销列表导出成功
2018-11-20 17:57:56,054 - Export - INFO - 费用报销列表-->全部导出:按报销明细导出成功
2018-11-20 17:58:03,323 - Export - INFO - 出库记录-->导出:库存记录导出成功
2018-11-20 17:58:32,535 - Export - INFO - 出库汇总-->导出:出库汇总导出成功
2018-11-20 17:59:04,637 - Export - INFO - 入库记录-->导出:库存记录导出成功
2018-11-20 17:59:33,929 - Export - INFO - 入库汇总-->导出:入库汇总导出成功
2018-11-20 17:59:59,554 - Export - INFO - 结束导出--------------new_export1
2018-11-20 18:00:00,579 - Export - INFO - 已经截图并保存在:/Screenshot目录下
2018-11-20 18:00:00,614 - Export - INFO - 开始导出--------------old_export
2018-11-20 18:00:11,765 - Export - INFO - 员工管理-->导出:点击下载员工导出文件
2018-11-20 18:00:38,443 - Export - INFO - 促销管理-->导出:点击下载促销活动管理导出文件
2018-11-20 18:00:53,983 - Export - INFO - 商品管理-->导出商品:点击下载商品导出文件
2018-11-20 18:01:09,525 - Export - INFO - 日报管理-->导出:点击下载日报导出文件
2018-11-20 18:01:25,037 - Export - INFO - 周报管理-->导出:点击下载周报导出文件
2018-11-20 18:01:40,847 - Export - INFO - 月报管理-->导出:点击下载月报导出文件
2018-11-20 18:01:54,454 - Export - INFO - 岗位考核-->导出数据:点击下载岗位考核导出文件
2018-11-20 18:02:00,920 - Export - INFO - 结束导出--------------old_export
2018-11-20 18:02:00,920 - Export - INFO - 开始导出--------------old_export1
2018-11-20 18:02:16,759 - Export - INFO - 全部-->导出报表:点击下载打卡明细导出文件
2018-11-20 18:02:24,083 - Export - INFO - 全部-->导出照片:没有数据
2018-11-20 18:02:32,816 - Export - INFO - 考勤汇总-->导出:点击下载考勤汇总导出文件
2018-11-20 18:02:46,675 - Export - INFO - 迟到-->导出:点击下载迟到导出文件
2018-11-20 18:03:00,617 - Export - INFO - 早退-->导出:点击下载早退导出文件
2018-11-20 18:03:14,246 - Export - INFO - 时间异常-->导出:点击下载异常时间导出文件
2018-11-20 18:03:27,978 - Export - INFO - 地点异常-->导出:点击下载地点异常导出文件
2018-11-20 18:03:41,718 - Export - INFO - 未打卡-->导出:点击下载未打卡导出文件
2018-11-20 18:03:56,357 - Export - INFO - 我指派的指令-->导出指令:点击下载指令导出文件
2018-11-20 18:04:10,157 - Export - INFO - 指派给我的指令-->导出指令:点击下载指令导出文件
2018-11-20 18:04:24,235 - Export - INFO - 下属领导指派的-->导出指令:点击下载指令导出文件
2018-11-20 18:04:41,000 - Export - INFO - 每日巡店统计-->导出:点击下载巡店每日巡店统计导出文件
2018-11-20 18:04:47,556 - Export - INFO - 每日巡店统计-->导出照片:没有数据
2018-11-20 18:04:56,206 - Export - INFO - 员工巡店统计-->导出:点击下载巡店员工巡店统计导出文件
2018-11-20 18:05:28,930 - Export - WARNING - 员工巡店统计-->导出照片:导出失败或请求超时,请手动检查！
2018-11-20 18:05:37,952 - Export - INFO - 客户巡店统计-->导出:点击下载巡店客户巡店统计导出文件
2018-11-20 18:06:10,622 - Export - WARNING - 客户巡店统计-->导出照片:导出失败或请求超时,请手动检查！
2018-11-20 18:06:22,317 - Export - INFO - 日报统计-->导出:点击下载日报统计导出文件
2018-11-20 18:06:36,312 - Export - INFO - 周报统计-->导出:点击下载周报统计导出文件
2018-11-20 18:06:50,174 - Export - INFO - 月报统计-->导出:点击下载月报统计导出文件
2018-11-20 18:07:09,700 - Export - INFO - 总销量趋势分析-->导出:点击下载总销量趋势分析导出文件
2018-11-20 18:07:23,600 - Export - INFO - 商品销量分析-->导出:点击下载商品销量分析导出文件
2018-11-20 18:07:37,362 - Export - INFO - 区域销量分析-->导出:点击下载区域销量分析导出文件
2018-11-20 18:07:51,162 - Export - INFO - 员工销量分析-->导出:点击下载员工销量分析导出文件
2018-11-20 18:08:05,063 - Export - INFO - 客户销量分析-->导出:点击下载客户销量分析导出文件
2018-11-20 18:08:11,519 - Export - INFO - 结束导出--------------old_export1
2018-11-20 18:08:12,152 - Export - INFO - 已经截图并保存在:/Screenshot目录下
