2018-11-20 18:17:54,131 - Export - INFO - 开始导出--------------new_export
2018-11-20 18:18:29,366 - Export - INFO - 定位轨迹-->导出轨迹:轨迹导出成功
2018-11-20 18:18:50,089 - Export - INFO - 客户拜访-->导出记录:客户拜访导出成功
2018-11-20 18:18:52,490 - Export - INFO - 客户拜访-->导出照片:客户拜访照片导出成功
2018-11-20 18:19:27,767 - Export - INFO - 客户管理-->导出照片:客户照片导出成功
2018-11-20 18:19:40,456 - Export - INFO - 客户管理-->全部导出:客户导出成功
2018-11-20 18:19:42,868 - Export - INFO - 客户管理-->全部导出:客户联系人导出成功
2018-11-20 18:19:58,448 - Export - INFO - 经销商拜访-->导出记录:经销商拜访导出成功
2018-11-20 18:20:00,810 - Export - INFO - 经销商拜访-->导出照片:经销商拜访照片导出成功
2018-11-20 18:20:31,732 - Export - INFO - 经销商-->导出照片:经销商照片导出成功
2018-11-20 18:20:44,457 - Export - INFO - 经销商-->全部导出:经销商导出成功
2018-11-20 18:20:46,869 - Export - INFO - 经销商-->全部导出:经销商联系人导出成功
2018-11-20 18:21:00,242 - Export - INFO - 拍照上传-->导出数据:拍照上传导出成功
2018-11-20 18:21:02,618 - Export - INFO - 拍照上传-->导出数据统计:拍照上传导出成功
2018-11-20 18:21:05,026 - Export - INFO - 拍照上传-->导出照片:拍照上传照片导出成功
2018-11-20 18:21:35,573 - Export - INFO - 实时库存-->导出数据:实时库存导出导出成功
2018-11-20 18:22:01,103 - Export - INFO - 结束导出--------------new_export
2018-11-20 18:22:01,104 - Export - INFO - 开始导出--------------new_export1
2018-11-20 18:22:12,046 - Export - INFO - 轨迹明细-->导出:轨迹明细导出成功
2018-11-20 18:22:41,338 - Export - INFO - 轨迹汇总-->导出:轨迹汇总导出成功
2018-11-20 18:23:20,209 - Export - INFO - 订单上报-->导出全部:按订单打印导出成功
2018-11-20 18:23:23,673 - Export - INFO - 订单上报-->导出全部:按订单明细导出成功
2018-11-20 18:23:29,199 - Export - INFO - 订单上报-->导出全部:按商品明细导出成功
2018-11-20 18:23:32,727 - Export - INFO - 订单上报-->导出全部:拣货单导出成功
2018-11-20 18:23:36,140 - Export - INFO - 订单上报-->导出全部:订单照片导出成功
2018-11-20 18:24:00,408 - Export - INFO - 终端库存-->导出数据:终端库存导出成功
2018-11-20 18:24:02,801 - Export - INFO - 终端库存-->导出商品明细:终端库存导出成功
2018-11-20 18:24:05,251 - Export - INFO - 终端库存-->导出照片:终端库存照片导出成功
2018-11-20 18:24:34,554 - Export - INFO - 终端销量-->导出数据:终端销量导出成功
2018-11-20 18:24:36,922 - Export - INFO - 终端销量-->导出商品明细:终端销量导出成功
2018-11-20 18:24:39,355 - Export - INFO - 终端销量-->导出照片:终端销量照片导出成功
2018-11-20 18:25:08,643 - Export - INFO - 终端退货-->导出数据:终端退货导出成功
2018-11-20 18:25:13,108 - Export - INFO - 终端退货-->导出商品明细:终端退货导出成功
2018-11-20 18:25:15,455 - Export - INFO - 终端退货-->导出照片:终端退货照片导出成功
2018-11-20 18:25:44,691 - Export - INFO - 终端到货-->导出数据:终端到货导出成功
2018-11-20 18:25:47,102 - Export - INFO - 终端到货-->导出商品明细:终端到货导出成功
2018-11-20 18:25:49,442 - Export - INFO - 终端到货-->导出照片:终端到货照片导出成功
2018-11-20 18:26:18,850 - Export - INFO - 终端临期-->导出数据:终端临期导出成功
2018-11-20 18:26:21,273 - Export - INFO - 终端临期-->导出商品明细:终端临期导出成功
2018-11-20 18:26:23,635 - Export - INFO - 终端临期-->导出照片:终端临期照片导出成功
2018-11-20 18:26:53,013 - Export - INFO - 陈列检查-->导出数据:陈列检查导出成功
2018-11-20 18:26:55,409 - Export - INFO - 陈列检查-->导出照片:陈列检查照片导出成功
2018-11-20 18:27:24,552 - Export - INFO - 竞品上报-->导出数据:竞品上报导出成功
2018-11-20 18:27:26,940 - Export - INFO - 竞品上报-->导出照片:竞品上报照片导出成功
2018-11-20 18:27:58,094 - Export - INFO - 拜访总结-->导出数据:拜访总结导出成功
2018-11-20 18:28:00,497 - Export - INFO - 拜访总结-->导出照片:拜访总结照片导出成功
2018-11-20 18:28:29,600 - Export - INFO - 终端回款-->导出数据:终端回款导出成功
2018-11-20 18:28:58,647 - Export - INFO - 拍照上传-->导出数据:拍照上传导出成功
2018-11-20 18:29:01,133 - Export - INFO - 拍照上传-->导出数据统计:拍照上传导出成功
2018-11-20 18:29:03,635 - Export - INFO - 拍照上传-->导出照片:拍照上传照片导出成功
2018-11-20 18:29:42,357 - Export - INFO - 订单上报-->导出全部:按订单打印导出成功
2018-11-20 18:29:45,760 - Export - INFO - 订单上报-->导出全部:按订单明细导出成功
2018-11-20 18:29:51,274 - Export - INFO - 订单上报-->导出全部:按商品明细导出成功
2018-11-20 18:29:54,770 - Export - INFO - 订单上报-->导出全部:拣货单导出成功
2018-11-20 18:29:58,256 - Export - INFO - 订单上报-->导出全部:订单照片导出成功
2018-11-20 18:30:22,342 - Export - INFO - 终端库存-->导出数据:终端库存导出成功
2018-11-20 18:30:24,704 - Export - INFO - 终端库存-->导出商品明细:终端库存导出成功
2018-11-20 18:30:27,085 - Export - INFO - 终端库存-->导出照片:终端库存照片导出成功
2018-11-20 18:30:56,304 - Export - INFO - 终端销量-->导出数据:终端销量导出成功
2018-11-20 18:30:58,977 - Export - INFO - 终端销量-->导出商品明细:终端销量导出成功
2018-11-20 18:31:01,390 - Export - INFO - 终端销量-->导出照片:终端销量照片导出成功
2018-11-20 18:31:30,631 - Export - INFO - 终端到货-->导出数据:终端到货导出成功
2018-11-20 18:31:33,040 - Export - INFO - 终端到货-->导出商品明细:终端到货导出成功
2018-11-20 18:31:35,487 - Export - INFO - 终端到货-->导出照片:终端到货照片导出成功
2018-11-20 18:32:04,867 - Export - INFO - 终端退货-->导出数据:终端退货导出成功
2018-11-20 18:32:07,283 - Export - INFO - 终端退货-->导出商品明细:终端退货导出成功
2018-11-20 18:32:09,627 - Export - INFO - 终端退货-->导出照片:终端退货照片导出成功
2018-11-20 18:32:38,816 - Export - INFO - 终端临期-->导出数据:终端临期导出成功
2018-11-20 18:32:41,248 - Export - INFO - 终端临期-->导出商品明细:终端临期导出成功
2018-11-20 18:32:43,636 - Export - INFO - 终端临期-->导出照片:终端临期照片导出成功
2018-11-20 18:33:12,953 - Export - INFO - 陈列检查-->导出数据:陈列检查导出成功
2018-11-20 18:33:15,345 - Export - INFO - 陈列检查-->导出照片:陈列检查照片导出成功
2018-11-20 18:33:44,919 - Export - INFO - 竞品上报-->导出数据:竞品上报导出成功
2018-11-20 18:33:47,340 - Export - INFO - 竞品上报-->导出照片:竞品上报照片导出成功
2018-11-20 18:34:16,668 - Export - INFO - 终端回款-->导出数据:终端回款导出成功
2018-11-20 18:34:51,322 - Export - INFO - 请假列表-->导出:请假单导出成功
2018-11-20 18:34:53,687 - Export - INFO - 请假列表-->导出照片:请假照片导出成功
2018-11-20 18:35:22,909 - Export - INFO - 出差列表-->导出:出差单导出成功
2018-11-20 18:35:25,325 - Export - INFO - 出差列表-->导出照片:出差照片导出成功
2018-11-20 18:35:54,582 - Export - INFO - 加班列表-->导出列表:加班导出成功
2018-11-20 18:35:57,193 - Export - INFO - 加班列表-->导出照片:加班照片导出成功
2018-11-20 18:36:42,246 - Export - INFO - 费用申请列表-->导出照片:费用申请照片导出成功
2018-11-20 18:37:24,013 - Export - INFO - 费用申请列表-->全部导出:按申请列表导出成功
2018-11-20 18:37:42,219 - Export - INFO - 费用申请列表-->全部导出:按申请明细导出成功
2018-11-20 18:38:12,237 - Export - INFO - 费用报销列表-->导出照片:费用报销照片导出成功
2018-11-20 18:38:56,230 - Export - INFO - 费用报销列表-->全部导出:按报销列表导出成功
2018-11-20 18:39:14,225 - Export - INFO - 费用报销列表-->全部导出:按报销明细导出成功
2018-11-20 18:39:52,223 - Export - INFO - 出库记录-->导出:库存记录导出成功
2018-11-20 18:40:37,244 - Export - INFO - 出库汇总-->导出:出库汇总导出成功
2018-11-20 18:41:35,177 - Export - INFO - 入库记录-->导出:库存记录导出成功
2018-11-20 18:42:20,193 - Export - INFO - 入库汇总-->导出:入库汇总导出成功
2018-11-20 18:42:50,740 - Export - INFO - 结束导出--------------new_export1
2018-11-20 18:42:51,715 - Export - INFO - 已经截图并保存在:/Screenshot目录下
2018-11-20 18:42:51,717 - Export - INFO - 开始导出--------------old_export
2018-11-20 18:43:02,558 - Export - INFO - 员工管理-->导出:点击下载员工导出文件
2018-11-20 18:43:29,272 - Export - INFO - 促销管理-->导出:点击下载促销活动管理导出文件
2018-11-20 18:43:44,815 - Export - INFO - 商品管理-->导出商品:点击下载商品导出文件
2018-11-20 18:44:00,152 - Export - INFO - 日报管理-->导出:点击下载日报导出文件
2018-11-20 18:44:15,576 - Export - INFO - 周报管理-->导出:点击下载周报导出文件
2018-11-20 18:44:30,839 - Export - INFO - 月报管理-->导出:点击下载月报导出文件
2018-11-20 18:44:44,257 - Export - INFO - 岗位考核-->导出数据:点击下载岗位考核导出文件
2018-11-20 18:44:50,883 - Export - INFO - 结束导出--------------old_export
2018-11-20 18:44:50,884 - Export - INFO - 开始导出--------------old_export1
2018-11-20 18:45:06,700 - Export - INFO - 全部-->导出报表:点击下载打卡明细导出文件
2018-11-20 18:45:14,054 - Export - INFO - 全部-->导出照片:没有数据
2018-11-20 18:45:22,916 - Export - INFO - 考勤汇总-->导出:点击下载考勤汇总导出文件
2018-11-20 18:45:37,209 - Export - INFO - 迟到-->导出:点击下载迟到导出文件
2018-11-20 18:45:50,881 - Export - INFO - 早退-->导出:点击下载早退导出文件
2018-11-20 18:46:04,747 - Export - INFO - 时间异常-->导出:点击下载异常时间导出文件
2018-11-20 18:46:18,546 - Export - INFO - 地点异常-->导出:点击下载地点异常导出文件
2018-11-20 18:46:34,215 - Export - INFO - 未打卡-->导出:点击下载未打卡导出文件
2018-11-20 18:46:48,717 - Export - INFO - 我指派的指令-->导出指令:点击下载指令导出文件
2018-11-20 18:47:02,437 - Export - INFO - 指派给我的指令-->导出指令:点击下载指令导出文件
2018-11-20 18:47:16,227 - Export - INFO - 下属领导指派的-->导出指令:点击下载指令导出文件
2018-11-20 18:47:32,898 - Export - INFO - 每日巡店统计-->导出:点击下载巡店每日巡店统计导出文件
2018-11-20 18:47:36,497 - Export - INFO - 每日巡店统计-->导出照片:没有数据
2018-11-20 18:47:45,211 - Export - INFO - 员工巡店统计-->导出:点击下载巡店员工巡店统计导出文件
2018-11-20 18:48:17,864 - Export - WARNING - 员工巡店统计-->导出照片:导出失败或请求超时,请手动检查！
2018-11-20 18:48:26,798 - Export - INFO - 客户巡店统计-->导出:点击下载巡店客户巡店统计导出文件
2018-11-20 18:48:59,575 - Export - WARNING - 客户巡店统计-->导出照片:导出失败或请求超时,请手动检查！
2018-11-20 18:49:11,419 - Export - INFO - 日报统计-->导出:点击下载日报统计导出文件
2018-11-20 18:49:25,068 - Export - INFO - 周报统计-->导出:点击下载周报统计导出文件
2018-11-20 18:49:38,881 - Export - INFO - 月报统计-->导出:点击下载月报统计导出文件
2018-11-20 18:49:56,447 - Export - INFO - 总销量趋势分析-->导出:点击下载总销量趋势分析导出文件
2018-11-20 18:50:10,441 - Export - INFO - 商品销量分析-->导出:点击下载商品销量分析导出文件
2018-11-20 18:50:24,189 - Export - INFO - 区域销量分析-->导出:点击下载区域销量分析导出文件
2018-11-20 18:50:38,200 - Export - INFO - 员工销量分析-->导出:点击下载员工销量分析导出文件
2018-11-20 18:50:52,027 - Export - INFO - 客户销量分析-->导出:点击下载客户销量分析导出文件
2018-11-20 18:50:58,449 - Export - INFO - 结束导出--------------old_export1
2018-11-20 18:50:59,093 - Export - INFO - 已经截图并保存在:/Screenshot目录下
